Using pre-set license
Desktop is 1920 x 1080 @ 60 Hz

 COMMAND LINE ARGUMENTS:
Unity
-adb2
-batchMode
-noUpm
-name
AssetImportWorker0
-projectPath
/home/lili/Documents/PRJ101/Snake/BC2L2P_snake
-logFile
Logs/AssetImportWorker0.log
-srvPort
45495
Successfully changed project path to: /home/lili/Documents/PRJ101/Snake/BC2L2P_snake
/home/lili/Documents/PRJ101/Snake/BC2L2P_snake
Using Asset Import Pipeline V2.
Refreshing native plugins compatible for Editor in 33,09 ms, found 1 plugins.
Preloading 0 native plugins for Editor in 0,00 ms.
Initialize engine version: 2020.3.4f1 (0abb6314276a)
[Subsystems] Discovering subsystems at path /home/lili/Unity/Hub/Editor/2020.3.4f1/Editor/Data/Resources/UnitySubsystems
[Subsystems] Discovering subsystems at path /home/lili/Documents/PRJ101/Snake/BC2L2P_snake/Assets
GLX Extensions: GLX_ARB_create_context GLX_ARB_create_context_no_error GLX_ARB_create_context_profile GLX_ARB_create_context_robustness GLX_ARB_fbconfig_float GLX_ARB_framebuffer_sRGB GLX_ARB_get_proc_address GLX_ARB_multisample GLX_EXT_buffer_age GLX_EXT_create_context_es2_profile GLX_EXT_create_context_es_profile GLX_EXT_fbconfig_packed_float GLX_EXT_framebuffer_sRGB GLX_EXT_import_context GLX_EXT_swap_control GLX_EXT_swap_control_tear GLX_EXT_texture_from_pixmap GLX_EXT_visual_info GLX_EXT_visual_rating GLX_INTEL_swap_event GLX_MESA_copy_sub_buffer GLX_MESA_query_renderer GLX_MESA_swap_control GLX_OML_swap_method GLX_OML_sync_control GLX_SGIS_multisample GLX_SGIX_fbconfig GLX_SGIX_pbuffer GLX_SGIX_visual_select_group GLX_SGI_make_current_read GLX_SGI_swap_control GLX_SGI_video_sync 
Renderer: Mesa Intel(R) UHD Graphics (CML GT2)
Vendor:   Intel
Version:  4.6 (Core Profile) Mesa 21.0.3
GLES:     0
 GL_3DFX_texture_compression_FXT1 GL_AMD_conservative_depth GL_AMD_depth_clamp_separate GL_AMD_draw_buffers_blend GL_AMD_gpu_shader_int64 GL_AMD_multi_draw_indirect GL_AMD_performance_monitor GL_AMD_pinned_memory GL_AMD_query_buffer_object GL_AMD_seamless_cubemap_per_texture GL_AMD_shader_stencil_export GL_AMD_shader_trinary_minmax GL_AMD_texture_texture4 GL_AMD_vertex_shader_layer GL_AMD_vertex_shader_viewport_index GL_ANGLE_texture_compression_dxt3 GL_ANGLE_texture_compression_dxt5 GL_ARB_ES2_compatibility GL_ARB_ES3_1_compatibility GL_ARB_ES3_2_compatibility GL_ARB_ES3_compatibility GL_ARB_arrays_of_arrays GL_ARB_base_instance GL_ARB_blend_func_extended GL_ARB_buffer_storage GL_ARB_clear_buffer_object GL_ARB_clear_texture GL_ARB_clip_control GL_ARB_compressed_texture_pixel_storage GL_ARB_compute_shader GL_ARB_compute_variable_group_size GL_ARB_conditional_render_inverted GL_ARB_conservative_depth GL_ARB_copy_buffer GL_ARB_copy_image GL_ARB_cull_distance GL_ARB_debug_output GL_ARB_depth_buffer_float GL_ARB
_depth_clamp GL_ARB_derivative_control GL_ARB_direct_state_access GL_ARB_draw_buffers GL_ARB_draw_buffers_blend GL_ARB_draw_elements_base_vertex GL_ARB_draw_indirect GL_ARB_draw_instanced GL_ARB_enhanced_layouts GL_ARB_explicit_attrib_location GL_ARB_explicit_uniform_location GL_ARB_fragment_coord_conventions GL_ARB_fragment_layer_viewport GL_ARB_fragment_shader GL_ARB_fragment_shader_interlock GL_ARB_framebuffer_no_attachments GL_ARB_framebuffer_object GL_ARB_framebuffer_sRGB GL_ARB_get_program_binary GL_ARB_get_texture_sub_image GL_ARB_gl_spirv GL_ARB_gpu_shader5 GL_ARB_gpu_shader_fp64 GL_ARB_gpu_shader_int64 GL_ARB_half_float_pixel GL_ARB_half_float_vertex GL_ARB_indirect_parameters GL_ARB_instanced_arrays GL_ARB_internalformat_query GL_ARB_internalformat_query2 GL_ARB_invalidate_subdata GL_ARB_map_buffer_alignment GL_ARB_map_buffer_range GL_ARB_multi_bind GL_ARB_multi_draw_indirect GL_ARB_occlusion_query2 GL_ARB_parallel_shader_compile GL_ARB_pipeline_statistics_query GL_ARB_pixel_buffer_object GL_ARB_po
int_sprite GL_ARB_polygon_offset_clamp GL_ARB_post_depth_coverage GL_ARB_program_interface_query GL_ARB_provoking_vertex GL_ARB_query_buffer_object GL_ARB_robust_buffer_access_behavior GL_ARB_robustness GL_ARB_sample_shading GL_ARB_sampler_objects GL_ARB_seamless_cube_map GL_ARB_seamless_cubemap_per_texture GL_ARB_separate_shader_objects GL_ARB_shader_atomic_counter_ops GL_ARB_shader_atomic_counters GL_ARB_shader_ballot GL_ARB_shader_bit_encoding GL_ARB_shader_clock GL_ARB_shader_draw_parameters GL_ARB_shader_group_vote GL_ARB_shader_image_load_store GL_ARB_shader_image_size GL_ARB_shader_objects GL_ARB_shader_precision GL_ARB_shader_stencil_export GL_ARB_shader_storage_buffer_object GL_ARB_shader_subroutine GL_ARB_shader_texture_image_samples GL_ARB_shader_texture_lod GL_ARB_shader_viewport_layer_array GL_ARB_shading_language_420pack GL_ARB_shading_language_include GL_ARB_shading_language_packing GL_ARB_spirv_extensions GL_ARB_stencil_texturing GL_ARB_sync GL_ARB_tessellation_shader GL_ARB_texture_barrier G
L_ARB_texture_buffer_object GL_ARB_texture_buffer_object_rgb32 GL_ARB_texture_buffer_range GL_ARB_texture_compression_bptc GL_ARB_texture_compression_rgtc GL_ARB_texture_cube_map_array GL_ARB_texture_filter_anisotropic GL_ARB_texture_float GL_ARB_texture_gather GL_ARB_texture_mirror_clamp_to_edge GL_ARB_texture_multisample GL_ARB_texture_non_power_of_two GL_ARB_texture_query_levels GL_ARB_texture_query_lod GL_ARB_texture_rectangle GL_ARB_texture_rg GL_ARB_texture_rgb10_a2ui GL_ARB_texture_stencil8 GL_ARB_texture_storage GL_ARB_texture_storage_multisample GL_ARB_texture_swizzle GL_ARB_texture_view GL_ARB_timer_query GL_ARB_transform_feedback2 GL_ARB_transform_feedback3 GL_ARB_transform_feedback_instanced GL_ARB_transform_feedback_overflow_query GL_ARB_uniform_buffer_object GL_ARB_vertex_array_bgra GL_ARB_vertex_array_object GL_ARB_vertex_attrib_64bit GL_ARB_vertex_attrib_binding GL_ARB_vertex_buffer_object GL_ARB_vertex_shader GL_ARB_vertex_type_10f_11f_11f_rev GL_ARB_vertex_type_2_10_10_10_rev GL_ARB_viewpor
t_array GL_ATI_blend_equation_separate GL_ATI_texture_float GL_EXT_EGL_image_storage GL_EXT_EGL_sync GL_EXT_abgr GL_EXT_blend_equation_separate GL_EXT_demote_to_helper_invocation GL_EXT_draw_buffers2 GL_EXT_draw_instanced GL_EXT_framebuffer_blit GL_EXT_framebuffer_multisample GL_EXT_framebuffer_multisample_blit_scaled GL_EXT_framebuffer_object GL_EXT_framebuffer_sRGB GL_EXT_packed_depth_stencil GL_EXT_packed_float GL_EXT_pixel_buffer_object GL_EXT_polygon_offset_clamp GL_EXT_provoking_vertex GL_EXT_semaphore GL_EXT_semaphore_fd GL_EXT_shader_framebuffer_fetch GL_EXT_shader_framebuffer_fetch_non_coherent GL_EXT_shader_integer_mix GL_EXT_shader_samples_identical GL_EXT_texture_array GL_EXT_texture_compression_dxt1 GL_EXT_texture_compression_rgtc GL_EXT_texture_compression_s3tc GL_EXT_texture_filter_anisotropic GL_EXT_texture_integer GL_EXT_texture_sRGB GL_EXT_texture_sRGB_R8 GL_EXT_texture_sRGB_decode GL_EXT_texture_shadow_lod GL_EXT_texture_shared_exponent GL_EXT_texture_snorm GL_EXT_texture_swizzle GL_EXT_ti
mer_query GL_EXT_transform_feedback GL_EXT_vertex_array_bgra GL_EXT_vertex_attrib_64bit GL_IBM_multimode_draw_arrays GL_INTEL_blackhole_render GL_INTEL_conservative_rasterization GL_INTEL_performance_query GL_INTEL_shader_atomic_float_minmax GL_INTEL_shader_integer_functions2 GL_KHR_blend_equation_advanced GL_KHR_blend_equation_advanced_coherent GL_KHR_context_flush_control GL_KHR_debug GL_KHR_no_error GL_KHR_parallel_shader_compile GL_KHR_robust_buffer_access_behavior GL_KHR_robustness GL_KHR_texture_compression_astc_ldr GL_KHR_texture_compression_astc_sliced_3d GL_MESA_framebuffer_flip_y GL_MESA_pack_invert GL_MESA_shader_integer_functions GL_MESA_texture_signed_rgba GL_NV_compute_shader_derivatives GL_NV_conditional_render GL_NV_copy_image GL_NV_depth_clamp GL_NV_fragment_shader_interlock GL_NV_packed_depth_stencil GL_NV_texture_barrier GL_OES_EGL_image GL_S3_s3tc
OPENGL LOG: Creating OpenGL 4.6 graphics device ; Context level  <OpenGL 4.5> ; Context handle 232337920
Initialize mono
Mono path[0] = '/home/lili/Unity/Hub/Editor/2020.3.4f1/Editor/Data/Managed'
Mono path[1] = '/home/lili/Unity/Hub/Editor/2020.3.4f1/Editor/Data/MonoBleedingEdge/lib/mono/unityjit'
Mono config path = '/home/lili/Unity/Hub/Editor/2020.3.4f1/Editor/Data/MonoBleedingEdge/etc'
Using monoOptions --debugger-agent=transport=dt_socket,embedding=1,server=y,suspend=n,address=127.0.0.1:56903
Begin MonoManager ReloadAssembly
Registering precompiled unity dll's ...
Register platform support module: /home/lili/Unity/Hub/Editor/2020.3.4f1/Editor/Data/PlaybackEngines/LinuxStandaloneSupport/UnityEditor.LinuxStandalone.Extensions.dll
Registered in 0,000922 seconds.
Native extension for LinuxStandalone target not found
Refreshing native plugins compatible for Editor in 33,12 ms, found 1 plugins.
Preloading 0 native plugins for Editor in 0,00 ms.
Mono: successfully reloaded assembly
- Completed reload, in  1,246 seconds
Platform modules already initialized, skipping
Registering precompiled user dll's ...
Registered in 0,000670 seconds.
Begin MonoManager ReloadAssembly
Native extension for LinuxStandalone target not found
Refreshing native plugins compatible for Editor in 33,65 ms, found 1 plugins.
Preloading 0 native plugins for Editor in 0,00 ms.
Mono: successfully reloaded assembly
- Completed reload, in  0,829 seconds
Platform modules already initialized, skipping
========================================================================
Worker process is ready to serve import requests
Launched and connected shader compiler UnityShaderCompiler after 0.01 seconds
Refreshing native plugins compatible for Editor in 0,53 ms, found 1 plugins.
Preloading 0 native plugins for Editor in 0,00 ms.
Unloading 1833 Unused Serialized files (Serialized files now loaded: 0)
System memory in use before: 81,1 MB.
System memory in use after: 81,2 MB.

Unloading 19 unused Assets to reduce memory usage. Loaded Objects now: 2280.
Total: 3,242401 ms (FindLiveObjects: 0,240861 ms CreateObjectMapping: 0,087696 ms MarkObjects: 2,781317 ms  DeleteObjects: 0,131186 ms)

========================================================================
Received Import Request.
  path: Assets/Scripts/GameLogic.cs
  artifactKey: Guid(b786658f0a6fb6845ac3a8531a2747f1) Importer(815301076,1909f56bfc062723c751e8b465ee728b)
Start importing Assets/Scripts/GameLogic.cs using Guid(b786658f0a6fb6845ac3a8531a2747f1) Importer(815301076,1909f56bfc062723c751e8b465ee728b)  -> (artifact id: 'e3fafb6318a1e8654802135f7a2956da') in 0,003186 seconds
  Import took 0,007051 seconds .

========================================================================
Received Import Request.
  Time since last request: 392,766193 seconds.
  path: Assets/Scripts
  artifactKey: Guid(e2098b4673d268843b602d8eab9e7af6) Importer(815301076,1909f56bfc062723c751e8b465ee728b)
Start importing Assets/Scripts using Guid(e2098b4673d268843b602d8eab9e7af6) Importer(815301076,1909f56bfc062723c751e8b465ee728b)  -> (artifact id: '4995f3c27c7507f355f615014337add7') in 0,000604 seconds
  Import took 0,003460 seconds .

========================================================================
Received Import Request.
  Time since last request: 30,304283 seconds.
  path: Assets/Scripts/Level.cs
  artifactKey: Guid(34de1d7b73df3414690795a2adaf4ced) Importer(815301076,1909f56bfc062723c751e8b465ee728b)
Start importing Assets/Scripts/Level.cs using Guid(34de1d7b73df3414690795a2adaf4ced) Importer(815301076,1909f56bfc062723c751e8b465ee728b)  -> (artifact id: 'f755333bfbef3688090a4a652559edf8') in 0,000635 seconds
  Import took 0,003565 seconds .

========================================================================
Received Import Request.
  Time since last request: 3,423565 seconds.
  path: Assets/Scripts/Player.cs
  artifactKey: Guid(a22ec957088ccca4fbf2342511fc61f6) Importer(815301076,1909f56bfc062723c751e8b465ee728b)
Start importing Assets/Scripts/Player.cs using Guid(a22ec957088ccca4fbf2342511fc61f6) Importer(815301076,1909f56bfc062723c751e8b465ee728b)  -> (artifact id: 'b77ee8a15c6cd3cd627ed4ae23be035b') in 0,000665 seconds
  Import took 0,003352 seconds .

========================================================================
Received Import Request.
  Time since last request: 0,106983 seconds.
  path: Assets/Scripts/Player.cs
  artifactKey: Guid(a22ec957088ccca4fbf2342511fc61f6) Importer(815301076,1909f56bfc062723c751e8b465ee728b)
Start importing Assets/Scripts/Player.cs using Guid(a22ec957088ccca4fbf2342511fc61f6) Importer(815301076,1909f56bfc062723c751e8b465ee728b)  -> (artifact id: 'b77ee8a15c6cd3cd627ed4ae23be035b') in 0,000517 seconds
  Import took 0,003228 seconds .

========================================================================
Received Import Request.
  Time since last request: 26,397235 seconds.
  path: Assets/Scenes
  artifactKey: Guid(82f8b8aee456e0e4298186cb5cd707df) Importer(815301076,1909f56bfc062723c751e8b465ee728b)
Start importing Assets/Scenes using Guid(82f8b8aee456e0e4298186cb5cd707df) Importer(815301076,1909f56bfc062723c751e8b465ee728b)  -> (artifact id: '0c77ef22a372226fd184e0b13ab0c1bb') in 0,000662 seconds
  Import took 0,003546 seconds .

========================================================================
Received Import Request.
  Time since last request: 0,880104 seconds.
  path: Assets/Scenes/temporaire
  artifactKey: Guid(46ccf674a5fc63d4f8290fc49da5440b) Importer(815301076,1909f56bfc062723c751e8b465ee728b)
Start importing Assets/Scenes/temporaire using Guid(46ccf674a5fc63d4f8290fc49da5440b) Importer(815301076,1909f56bfc062723c751e8b465ee728b)  -> (artifact id: 'fbab0ddc979faac36c9494d9e3132ba2') in 0,000684 seconds
  Import took 0,003584 seconds .

========================================================================
Received Import Request.
  Time since last request: 1,068027 seconds.
  path: Assets/Scenes/temporaire/SampleScene.unity
  artifactKey: Guid(9fc0d4010bbf28b4594072e72b8655ab) Importer(815301076,1909f56bfc062723c751e8b465ee728b)
Start importing Assets/Scenes/temporaire/SampleScene.unity using Guid(9fc0d4010bbf28b4594072e72b8655ab) Importer(815301076,1909f56bfc062723c751e8b465ee728b)  -> (artifact id: '87327899befe41cd32e1b0549bcdde9f') in 0,007940 seconds
  Import took 0,010938 seconds .

========================================================================
Received Prepare
Registering precompiled user dll's ...
Registered in 0,000748 seconds.
Begin MonoManager ReloadAssembly
Native extension for LinuxStandalone target not found
Refreshing native plugins compatible for Editor in 0,32 ms, found 1 plugins.
Preloading 0 native plugins for Editor in 0,00 ms.
Mono: successfully reloaded assembly
- Completed reload, in  0,707 seconds
Platform modules already initialized, skipping
Refreshing native plugins compatible for Editor in 0,34 ms, found 1 plugins.
Preloading 0 native plugins for Editor in 0,00 ms.
Unloading 1810 Unused Serialized files (Serialized files now loaded: 0)
System memory in use before: 79,3 MB.
System memory in use after: 79,4 MB.

Unloading 7 unused Assets to reduce memory usage. Loaded Objects now: 2284.
Total: 2,300644 ms (FindLiveObjects: 0,272694 ms CreateObjectMapping: 0,075046 ms MarkObjects: 1,916161 ms  DeleteObjects: 0,035263 ms)

========================================================================
Received Prepare
Registering precompiled user dll's ...
Registered in 0,000668 seconds.
Begin MonoManager ReloadAssembly
Native extension for LinuxStandalone target not found
Refreshing native plugins compatible for Editor in 0,37 ms, found 1 plugins.
Preloading 0 native plugins for Editor in 0,00 ms.
Mono: successfully reloaded assembly
- Completed reload, in  0,751 seconds
Platform modules already initialized, skipping
Refreshing native plugins compatible for Editor in 0,30 ms, found 1 plugins.
Preloading 0 native plugins for Editor in 0,00 ms.
Unloading 1810 Unused Serialized files (Serialized files now loaded: 0)
System memory in use before: 79,4 MB.
System memory in use after: 79,5 MB.

Unloading 7 unused Assets to reduce memory usage. Loaded Objects now: 2288.
Total: 2,927580 ms (FindLiveObjects: 0,209600 ms CreateObjectMapping: 0,080800 ms MarkObjects: 2,584090 ms  DeleteObjects: 0,051113 ms)

========================================================================
Received Prepare
Registering precompiled user dll's ...
Registered in 0,001744 seconds.
Begin MonoManager ReloadAssembly
Native extension for LinuxStandalone target not found
Refreshing native plugins compatible for Editor in 0,30 ms, found 1 plugins.
Preloading 0 native plugins for Editor in 0,00 ms.
Mono: successfully reloaded assembly
- Completed reload, in  0,809 seconds
Platform modules already initialized, skipping
Refreshing native plugins compatible for Editor in 0,32 ms, found 1 plugins.
Preloading 0 native plugins for Editor in 0,00 ms.
Unloading 1810 Unused Serialized files (Serialized files now loaded: 0)
System memory in use before: 79,4 MB.
System memory in use after: 79,5 MB.

Unloading 7 unused Assets to reduce memory usage. Loaded Objects now: 2292.
Total: 5,508402 ms (FindLiveObjects: 0,820063 ms CreateObjectMapping: 0,300398 ms MarkObjects: 4,341274 ms  DeleteObjects: 0,042324 ms)

========================================================================
Received Prepare
Registering precompiled user dll's ...
Registered in 0,001108 seconds.
Begin MonoManager ReloadAssembly
Native extension for LinuxStandalone target not found
Refreshing native plugins compatible for Editor in 1,26 ms, found 1 plugins.
Preloading 0 native plugins for Editor in 0,00 ms.
Mono: successfully reloaded assembly
- Completed reload, in  1,011 seconds
Platform modules already initialized, skipping
Refreshing native plugins compatible for Editor in 0,36 ms, found 1 plugins.
Preloading 0 native plugins for Editor in 0,00 ms.
Unloading 1810 Unused Serialized files (Serialized files now loaded: 0)
System memory in use before: 79,4 MB.
System memory in use after: 79,5 MB.

Unloading 7 unused Assets to reduce memory usage. Loaded Objects now: 2296.
Total: 4,042908 ms (FindLiveObjects: 0,279862 ms CreateObjectMapping: 0,097508 ms MarkObjects: 3,617349 ms  DeleteObjects: 0,046507 ms)

========================================================================
Received Prepare
Registering precompiled user dll's ...
Registered in 0,000685 seconds.
Begin MonoManager ReloadAssembly
Native extension for LinuxStandalone target not found
Refreshing native plugins compatible for Editor in 0,40 ms, found 1 plugins.
Preloading 0 native plugins for Editor in 0,00 ms.
Mono: successfully reloaded assembly
- Completed reload, in  1,162 seconds
Platform modules already initialized, skipping
Refreshing native plugins compatible for Editor in 0,36 ms, found 1 plugins.
Preloading 0 native plugins for Editor in 0,00 ms.
Unloading 1810 Unused Serialized files (Serialized files now loaded: 0)
System memory in use before: 79,4 MB.
System memory in use after: 79,5 MB.

Unloading 7 unused Assets to reduce memory usage. Loaded Objects now: 2300.
Total: 3,748327 ms (FindLiveObjects: 0,515746 ms CreateObjectMapping: 0,164541 ms MarkObjects: 3,007183 ms  DeleteObjects: 0,056318 ms)

========================================================================
Received Prepare
Registering precompiled user dll's ...
Registered in 0,000709 seconds.
Begin MonoManager ReloadAssembly
Native extension for LinuxStandalone target not found
Refreshing native plugins compatible for Editor in 0,33 ms, found 1 plugins.
Preloading 0 native plugins for Editor in 0,00 ms.
Mono: successfully reloaded assembly
- Completed reload, in  0,896 seconds
Platform modules already initialized, skipping
Refreshing native plugins compatible for Editor in 0,36 ms, found 1 plugins.
Preloading 0 native plugins for Editor in 0,00 ms.
Unloading 1810 Unused Serialized files (Serialized files now loaded: 0)
System memory in use before: 79,4 MB.
System memory in use after: 79,5 MB.

Unloading 7 unused Assets to reduce memory usage. Loaded Objects now: 2304.
Total: 4,503179 ms (FindLiveObjects: 0,596325 ms CreateObjectMapping: 0,264225 ms MarkObjects: 3,596997 ms  DeleteObjects: 0,042441 ms)

========================================================================
Received Prepare
Registering precompiled user dll's ...
Registered in 0,001002 seconds.
Begin MonoManager ReloadAssembly
Native extension for LinuxStandalone target not found
Refreshing native plugins compatible for Editor in 0,49 ms, found 1 plugins.
Preloading 0 native plugins for Editor in 0,00 ms.
Mono: successfully reloaded assembly
- Completed reload, in  0,869 seconds
Platform modules already initialized, skipping
Refreshing native plugins compatible for Editor in 0,32 ms, found 1 plugins.
Preloading 0 native plugins for Editor in 0,00 ms.
Unloading 1810 Unused Serialized files (Serialized files now loaded: 0)
System memory in use before: 79,4 MB.
System memory in use after: 79,5 MB.

Unloading 7 unused Assets to reduce memory usage. Loaded Objects now: 2308.
Total: 2,790671 ms (FindLiveObjects: 0,292690 ms CreateObjectMapping: 0,127639 ms MarkObjects: 2,325465 ms  DeleteObjects: 0,043157 ms)

========================================================================
Received Prepare
Registering precompiled user dll's ...
Registered in 0,001824 seconds.
Begin MonoManager ReloadAssembly
Native extension for LinuxStandalone target not found
Refreshing native plugins compatible for Editor in 0,33 ms, found 1 plugins.
Preloading 0 native plugins for Editor in 0,00 ms.
Mono: successfully reloaded assembly
- Completed reload, in  0,872 seconds
Platform modules already initialized, skipping
Refreshing native plugins compatible for Editor in 0,37 ms, found 1 plugins.
Preloading 0 native plugins for Editor in 0,00 ms.
Unloading 1810 Unused Serialized files (Serialized files now loaded: 0)
System memory in use before: 79,5 MB.
System memory in use after: 79,5 MB.

Unloading 7 unused Assets to reduce memory usage. Loaded Objects now: 2312.
Total: 2,701388 ms (FindLiveObjects: 0,253106 ms CreateObjectMapping: 0,103494 ms MarkObjects: 2,303505 ms  DeleteObjects: 0,040022 ms)

========================================================================
Received Prepare
Registering precompiled user dll's ...
Registered in 0,001110 seconds.
Begin MonoManager ReloadAssembly
Native extension for LinuxStandalone target not found
Refreshing native plugins compatible for Editor in 0,46 ms, found 1 plugins.
Preloading 0 native plugins for Editor in 0,00 ms.
Mono: successfully reloaded assembly
- Completed reload, in  1,492 seconds
Platform modules already initialized, skipping
Refreshing native plugins compatible for Editor in 0,46 ms, found 1 plugins.
Preloading 0 native plugins for Editor in 0,00 ms.
Unloading 1810 Unused Serialized files (Serialized files now loaded: 0)
System memory in use before: 79,5 MB.
System memory in use after: 79,6 MB.

Unloading 7 unused Assets to reduce memory usage. Loaded Objects now: 2316.
Total: 5,851019 ms (FindLiveObjects: 0,795853 ms CreateObjectMapping: 0,345894 ms MarkObjects: 4,585550 ms  DeleteObjects: 0,117866 ms)

========================================================================
Received Prepare
Registering precompiled user dll's ...
Registered in 0,000932 seconds.
Begin MonoManager ReloadAssembly
Native extension for LinuxStandalone target not found
Refreshing native plugins compatible for Editor in 0,49 ms, found 1 plugins.
Preloading 0 native plugins for Editor in 0,00 ms.
Mono: successfully reloaded assembly
- Completed reload, in  0,697 seconds
Platform modules already initialized, skipping
Refreshing native plugins compatible for Editor in 0,31 ms, found 1 plugins.
Preloading 0 native plugins for Editor in 0,00 ms.
Unloading 1810 Unused Serialized files (Serialized files now loaded: 0)
System memory in use before: 79,5 MB.
System memory in use after: 79,6 MB.

Unloading 7 unused Assets to reduce memory usage. Loaded Objects now: 2320.
Total: 2,507095 ms (FindLiveObjects: 0,294282 ms CreateObjectMapping: 0,106232 ms MarkObjects: 2,024752 ms  DeleteObjects: 0,080116 ms)

========================================================================
Received Prepare
Registering precompiled user dll's ...
Registered in 0,000595 seconds.
Begin MonoManager ReloadAssembly
Native extension for LinuxStandalone target not found
Refreshing native plugins compatible for Editor in 0,31 ms, found 1 plugins.
Preloading 0 native plugins for Editor in 0,00 ms.
Mono: successfully reloaded assembly
- Completed reload, in  0,847 seconds
Platform modules already initialized, skipping
Refreshing native plugins compatible for Editor in 0,31 ms, found 1 plugins.
Preloading 0 native plugins for Editor in 0,00 ms.
Unloading 1810 Unused Serialized files (Serialized files now loaded: 0)
System memory in use before: 79,5 MB.
System memory in use after: 79,6 MB.

Unloading 7 unused Assets to reduce memory usage. Loaded Objects now: 2324.
Total: 3,270955 ms (FindLiveObjects: 0,453557 ms CreateObjectMapping: 0,182508 ms MarkObjects: 2,586775 ms  DeleteObjects: 0,045545 ms)

AssetImportWorkerClient::OnTransportError - code=2 error=End of file
